<?xml version="1.0" encoding="UTF-8"?>
<testsuite name="RecomendacionBecaTest" tests="9" skipped="0" failures="0" errors="0" timestamp="2022-02-22T12:44:43" hostname="DESKTOP-CEAC8HF" time="0.191">
  <properties/>
  <testcase name="verify1()" classname="RecomendacionBecaTest" time="0.119"/>
  <testcase name="verify2()" classname="RecomendacionBecaTest" time="0.007"/>
  <testcase name="verify3()" classname="RecomendacionBecaTest" time="0.006"/>
  <testcase name="verify4()" classname="RecomendacionBecaTest" time="0.006"/>
  <testcase name="verify5()" classname="RecomendacionBecaTest" time="0.004"/>
  <testcase name="verify6()" classname="RecomendacionBecaTest" time="0.004"/>
  <testcase name="verify7()" classname="RecomendacionBecaTest" time="0.004"/>
  <testcase name="verify8()" classname="RecomendacionBecaTest" time="0.002"/>
  <testcase name="verify9()" classname="RecomendacionBecaTest" time="0.002"/>
  <system-out><![CDATA[]]></system-out>
  <system-err><![CDATA[]]></system-err>
</testsuite>
